  Person.cpp
C:\Users\Jordan\source\repos\ch04_homework\Q10\Person.h(6,12): error C3646: 'name': 알 수 없는 재정의 지정자입니다.
C:\Users\Jordan\source\repos\ch04_homework\Q10\Person.h(6,16): error C4430: 형식 지정자가 없습니다. int로 가정합니다. 참고: C++에서는 기본 int를 지원하지 않습니다.
C:\Users\Jordan\source\repos\ch04_homework\Q10\Person.h(9,12): error C2061: 구문 오류: 식별자 'string'
C:\Users\Jordan\source\repos\ch04_homework\Q10\Person.h(9,11): error C2535: 'Person::Person(void)': 멤버 함수를 이미 정의했거나 선언했습니다.
C:\Users\Jordan\source\repos\ch04_homework\Q10\Person.h(8): message : 'Person::Person' 선언을 참조하십시오.
C:\Users\Jordan\source\repos\ch04_homework\Q10\Person.h(10,12): error C3646: 'getName': 알 수 없는 재정의 지정자입니다.
C:\Users\Jordan\source\repos\ch04_homework\Q10\Person.h(10,19): error C2059: 구문 오류: '('
C:\Users\Jordan\source\repos\ch04_homework\Q10\Person.h(10,22): error C2334: '{' 앞에 예기치 않은 토큰이 있습니다. 명백한 함수 본문을 건너뜁니다.
C:\Users\Jordan\source\repos\ch04_homework\Q10\Person.h(11,18): error C2061: 구문 오류: 식별자 'string'
C:\Users\Jordan\source\repos\ch04_homework\Q10\Person.h(9,33): error C2039: 'name': 'Person'의 멤버가 아닙니다.
C:\Users\Jordan\source\repos\ch04_homework\Q10\Person.h(5): message : 'Person' 선언을 참조하십시오.
C:\Users\Jordan\source\repos\ch04_homework\Q10\Person.h(9,40): error C2065: 'name': 선언되지 않은 식별자입니다.
C:\Users\Jordan\source\repos\ch04_homework\Q10\Person.h(11,39): error C2039: 'name': 'Person'의 멤버가 아닙니다.
C:\Users\Jordan\source\repos\ch04_homework\Q10\Person.h(5): message : 'Person' 선언을 참조하십시오.
C:\Users\Jordan\source\repos\ch04_homework\Q10\Person.h(11,46): error C2065: 'name': 선언되지 않은 식별자입니다.
C:\Users\Jordan\source\repos\ch04_homework\Q10\Family.h(14,42): error C2660: 'Person::setName': 함수는 1개의 인수를 사용하지 않습니다.
C:\Users\Jordan\source\repos\ch04_homework\Q10\Person.h(11,10): message : 'Person::setName' 선언을 참조하십시오.
C:\Users\Jordan\source\repos\ch04_homework\Q10\Person.cpp(16,22): error C2039: 'getName': 'Person'의 멤버가 아닙니다.
C:\Users\Jordan\source\repos\ch04_homework\Q10\Person.h(5): message : 'Person' 선언을 참조하십시오.
